npm warn cleanup Failed to remove some directories [
npm warn cleanup   [
npm warn cleanup     '\\\\?\\E:\\QuoteMaster-Web\\node_modules\\@sentry',
npm warn cleanup     [Error: EPERM: operation not permitted, rmdir 'E:\QuoteMaster-Web\node_modules\@sentry\browser\build\npm\cjs'] {
npm warn cleanup       errno: -4048,
npm warn cleanup       code: 'EPERM',
npm warn cleanup       syscall: 'rmdir',
npm warn cleanup       path: 'E:\\QuoteMaster-Web\\node_modules\\@sentry\\browser\\build\\npm\\cjs'
npm warn cleanup     }
npm warn cleanup   ],
npm warn cleanup   [
npm warn cleanup     '\\\\?\\E:\\QuoteMaster-Web\\node_modules\\@opentelemetry',
npm warn cleanup     [Error: EPERM: operation not permitted, rmdir 'E:\QuoteMaster-Web\node_modules\@opentelemetry\instrumentation-http'] {
npm warn cleanup       errno: -4048,
npm warn cleanup       code: 'EPERM',
npm warn cleanup       syscall: 'rmdir',
npm warn cleanup       path: 'E:\\QuoteMaster-Web\\node_modules\\@opentelemetry\\instrumentation-http'
npm warn cleanup     }
npm warn cleanup   ]
npm warn cleanup ]
npm error code ECONNRESET
npm error network aborted
npm error network This is a problem related to network connectivity.
npm error network In most cases you are behind a proxy or have bad network settings.
npm error network
npm error network If you are behind a proxy, please make sure that the
npm error network 'proxy' config is set properly.  See: 'npm help config'
npm error A complete log of this run can be found in: C:\Users\Administrator\AppData\Local\npm-cache\_logs\2026-03-17T07_41_52_946Z-debug-0.log
